<?xml version="1.0" encoding="UTF-8"?>
<testng-results ignored="0" total="1" passed="1" failed="0" skipped="0">
  <reporter-output>
  </reporter-output>
  <suite started-at="2024-03-29T13:10:18 IST" name="Default suite" finished-at="2024-03-29T13:10:35 IST" duration-ms="16610">
    <groups>
    </groups>
    <test started-at="2024-03-29T13:10:18 IST" name="Default test" finished-at="2024-03-29T13:10:35 IST" duration-ms="16610">
      <class name="com.qa.DropDown.DropDown">
        <test-method signature="initilize()[pri:0, instance:com.qa.DropDown.DropDown@74751b3]" started-at="2024-03-29T13:10:18 IST" name="initilize" finished-at="2024-03-29T13:10:35 IST" duration-ms="16539" status="PASS">
          <reporter-output>
          </reporter-output>
        </test-method> <!-- initilize -->
      </class> <!-- com.qa.DropDown.DropDown -->
    </test> <!-- Default test -->
  </suite> <!-- Default suite -->
</testng-results>
